********************************************************************************
DUPLICATOR-LITE PACKAGE-LOG: 5 March 2020 22 h 19 min
NOTICE: Do NOT post to public sites or forums 
********************************************************************************
VERSION:	1.3.28
WORDPRESS:	5.3.2
PHP INFO:	7.4.2 | SAPI: apache2handler
SERVER:		Apache/2.4.41 (Win64) OpenSSL/1.1.1c PHP/7.4.2 
PHP TIME LIMIT: (0) no time limit imposed 
PHP MAX MEMORY: 4294967296 (512M default) 
MEMORY STACK: 2MB

********************************************************************************
DATABASE:
********************************************************************************
BUILD MODE:   MYSQLDUMP
MYSQLTIMEOUT: 5000
MYSQLDUMP:    Is Supported
SQL CREATED: 20200305_maximilien_tp2_5e35cbdf04037c693235_20200305221938_database.sql
SQL FILE SIZE: 870.31KB (891202)
SQL FILE TIME: 2020-03-05 22:19:46
SQL RUNTIME: 1.93 sec.

********************************************************************************
ARCHIVE (ZIP):
********************************************************************************
ARCHIVE DIR:  C:/xampp/htdocs/2020-maximilien
ARCHIVE FILE: 20200305_maximilien_tp2_5e35cbdf04037c693235_20200305221938_archive.zip
FILTERS: *OFF*
DIRS:
	not set
FILES:
	not set
EXTS:  not set
----------------------------------------
COMPRESSING
SIZE:	73.52MB
STATS:	Dirs 696 | Files 3,874
SQL ADDED: 20200305_maximilien_tp2_5e35cbdf04037c693235_20200305221938_database.sql
ZipArchive Object
(
    [status] => 0
    [statusSys] => 0
    [numFiles] => 4570
    [filename] => C:\xampp\htdocs\2020-maximilien\wp-snapshots\tmp\20200305_maximilien_tp2_5e35cbdf04037c693235_20200305221938_archive.zip
    [comment] => 
)

FILE ADDED TO ZIP: 4569
COMPRESSION RESULT: '1'
COMPRESSED SIZE: 31.8MB
ARCHIVE RUNTIME: 31.22 sec.
MEMORY STACK: 4MB
building installer
add_extra_files1
add_extra_files2
add_extra_files3
add_extra_files4
Doing archive file check
add_extra_files5
add_extra_files6
add_extra_files8
Successfully opened zip C:/xampp/htdocs/2020-maximilien/wp-snapshots/tmp/20200305_maximilien_tp2_5e35cbdf04037c693235_20200305221938_archive.zip
Adding enhanced installer files to archive using ZipArchive
Installer files added to archive
Added to archive
After ziparchive close when adding installer

********************************************************************************
INTEGRITY CHECKS:
********************************************************************************
SQL FILE: 870.31KB
INSTALLER FILE: 60.53KB
ARCHIVE FILE: 33.13MB 
EXPECTED FILE/DIRECTORY COUNT: 4,570
ACTUAL FILE/DIRECTORY COUNT: 4,569
ARCHIVE CONSISTENCY TEST: Pass

********************************************************************************
RECORD ID:[1]
TOTAL PROCESS RUNTIME: 34.02 sec.
PEAK PHP MEMORY USED: 4MB
DONE PROCESSING => 20200305_maximilien_tp2 5 March 2020 22 h 20 min

