********************************************************************************
DUPLICATOR-LITE PACKAGE-LOG: 12 March 2020 18 h 08 min
NOTICE: Do NOT post to public sites or forums 
********************************************************************************
VERSION:	1.3.28
WORDPRESS:	5.3.2
PHP INFO:	7.4.2 | SAPI: apache2handler
SERVER:		Apache/2.4.41 (Win64) OpenSSL/1.1.1c PHP/7.4.2 
PHP TIME LIMIT: (0) no time limit imposed 
PHP MAX MEMORY: 4294967296 (512M default) 
MEMORY STACK: 6MB

********************************************************************************
DATABASE:
********************************************************************************
BUILD MODE:   MYSQLDUMP
MYSQLTIMEOUT: 5000
MYSQLDUMP:    Is Supported
SQL CREATED: 20200305_maximilien_tp2_8a9dfe212b09ed7b3098_20200312180736_database.sql
SQL FILE SIZE: 829.09KB (848993)
SQL FILE TIME: 2020-03-12 18:08:07
SQL RUNTIME: 1.97 sec.

********************************************************************************
ARCHIVE (ZIP):
********************************************************************************
ARCHIVE DIR:  C:/xampp/htdocs/2020-maximilien
ARCHIVE FILE: 20200305_maximilien_tp2_8a9dfe212b09ed7b3098_20200312180736_archive.zip
FILTERS: *OFF*
DIRS:
	not set
FILES:
	not set
EXTS:  not set
----------------------------------------
COMPRESSING
SIZE:	140.65MB
STATS:	Dirs 2,991 | Files 22,273
SQL ADDED: 20200305_maximilien_tp2_8a9dfe212b09ed7b3098_20200312180736_database.sql
ZipArchive Object
(
    [status] => 0
    [statusSys] => 0
    [numFiles] => 25264
    [filename] => C:\xampp\htdocs\2020-maximilien\wp-snapshots\tmp\20200305_maximilien_tp2_8a9dfe212b09ed7b3098_20200312180736_archive.zip
    [comment] => 
)

FILE ADDED TO ZIP: 25263
COMPRESSION RESULT: '1'
COMPRESSED SIZE: 55.44MB
ARCHIVE RUNTIME: 116.86 sec.
MEMORY STACK: 14MB
building installer
add_extra_files1
add_extra_files2
add_extra_files3
add_extra_files4
Doing archive file check
add_extra_files5
add_extra_files6
add_extra_files8
Successfully opened zip C:/xampp/htdocs/2020-maximilien/wp-snapshots/tmp/20200305_maximilien_tp2_8a9dfe212b09ed7b3098_20200312180736_archive.zip
Adding enhanced installer files to archive using ZipArchive
Installer files added to archive
Added to archive
After ziparchive close when adding installer

********************************************************************************
INTEGRITY CHECKS:
********************************************************************************
SQL FILE: 829.09KB
INSTALLER FILE: 60.53KB
ARCHIVE FILE: 56.89MB 
EXPECTED FILE/DIRECTORY COUNT: 25,264
ACTUAL FILE/DIRECTORY COUNT: 25,263
ARCHIVE CONSISTENCY TEST: Pass

********************************************************************************
RECORD ID:[2]
TOTAL PROCESS RUNTIME: 121.04 sec.
PEAK PHP MEMORY USED: 18MB
DONE PROCESSING => 20200305_maximilien_tp2 12 March 2020 18 h 10 min

